Using pre-set license
Built from '2020.3/staging' branch; Version is '2020.3.13f1 (71691879b7f5) revision 7432472'; Using compiler version '192528614'; Build Type 'Release'
OS: 'Windows 10 Education; OS build 19043.1110; Version 2009; 64bit' Language: 'en' Physical Memory: 97995 MB
BatchMode: 1, IsHumanControllingUs: 0, StartBugReporterOnCrash: 0, Is64bit: 1, IsPro: 0

 COMMAND LINE ARGUMENTS:
C:\Program Files\Unity\Hub\Editor\2020.3.13f1\Editor\Unity.exe
-adb2
-batchMode
-noUpm
-name
AssetImportWorker0
-projectPath
C:/Users/XRCareLab/GitHub/XR-OOM
-logFile
Logs/AssetImportWorker0.log
-srvPort
54114
Successfully changed project path to: C:/Users/XRCareLab/GitHub/XR-OOM
C:/Users/XRCareLab/GitHub/XR-OOM
Using Asset Import Pipeline V2.
Refreshing native plugins compatible for Editor in 194.60 ms, found 15 plugins.
Preloading 0 native plugins for Editor in 0.00 ms.
Initialize engine version: 2020.3.13f1 (71691879b7f5)
[Subsystems] Discovering subsystems at path C:/Program Files/Unity/Hub/Editor/2020.3.13f1/Editor/Data/Resources/UnitySubsystems
[Subsystems] Discovering subsystems at path C:/Users/XRCareLab/GitHub/XR-OOM/Assets
GfxDevice: creating device client; threaded=0
Direct3D:
    Version:  Direct3D 11.0 [level 11.1]
    Renderer: NVIDIA Quadro RTX 4000 (ID=0x1eb1)
    Vendor:   
    VRAM:     8018 MB
    Driver:   30.0.14.7111
Initialize mono
Mono path[0] = 'C:/Program Files/Unity/Hub/Editor/2020.3.13f1/Editor/Data/Managed'
Mono path[1] = 'C:/Program Files/Unity/Hub/Editor/2020.3.13f1/Editor/Data/MonoBleedingEdge/lib/mono/unityjit'
Mono config path = 'C:/Program Files/Unity/Hub/Editor/2020.3.13f1/Editor/Data/MonoBleedingEdge/etc'
Using monoOptions --debugger-agent=transport=dt_socket,embedding=1,server=y,suspend=n,address=127.0.0.1:56240
Begin MonoManager ReloadAssembly
Registering precompiled unity dll's ...
Register platform support module: C:/Program Files/Unity/Hub/Editor/2020.3.13f1/Editor/Data/PlaybackEngines/WebGLSupport/UnityEditor.WebGL.Extensions.dll
Register platform support module: C:/Program Files/Unity/Hub/Editor/2020.3.13f1/Editor/Data/PlaybackEngines/WindowsStandaloneSupport/UnityEditor.WindowsStandalone.Extensions.dll
Register platform support module: C:/Program Files/Unity/Hub/Editor/2020.3.13f1/Editor/Data/PlaybackEngines/LuminSupport/UnityEditor.Lumin.Extensions.dll
Registered in 0.002747 seconds.
Native extension for Lumin target not found
Native extension for WindowsStandalone target not found
Native extension for WebGL target not found
Refreshing native plugins compatible for Editor in 113.44 ms, found 15 plugins.
Preloading 0 native plugins for Editor in 0.00 ms.
Mono: successfully reloaded assembly
- Completed reload, in  2.109 seconds
Platform modules already initialized, skipping
Registering precompiled user dll's ...
Registered in 0.006986 seconds.
Begin MonoManager ReloadAssembly
Native extension for Lumin target not found
Native extension for WindowsStandalone target not found
Native extension for WebGL target not found
Refreshing native plugins compatible for Editor in 95.79 ms, found 15 plugins.
Preloading 0 native plugins for Editor in 0.00 ms.
HDRP Internally changed the storage of Cube Cookie to use Octahedral Projection inside the 2D Cookie Atlas. It is recommended that you increase the size of the 2D Cookie Atlas if your cookies no longer fit.
UnityEngine.StackTraceUtility:ExtractStackTrace ()
UnityEngine.DebugLogHandler:LogFormat (UnityEngine.LogType,UnityEngine.Object,string,object[])
UnityEngine.Logger:Log (UnityEngine.LogType,object)
UnityEngine.Debug:Log (object)
UnityEngine.Rendering.HighDefinition.HDRenderPipelineAsset/<>c:<.cctor>b__110_12 (UnityEngine.Rendering.HighDefinition.HDRenderPipelineAsset) (at Library/PackageCache/com.unity.render-pipelines.high-definition@10.5.0/Runtime/RenderPipeline/HDRenderPipelineAsset.Migration.cs:126)
UnityEngine.Rendering.HighDefinition.MigrationStep`2<UnityEngine.Rendering.HighDefinition.HDRenderPipelineAsset/Version, UnityEngine.Rendering.HighDefinition.HDRenderPipelineAsset>:Migrate (UnityEngine.Rendering.HighDefinition.HDRenderPipelineAsset) (at Library/PackageCache/com.unity.render-pipelines.high-definition@10.5.0/Runtime/Core/Migration/MigrationStep.cs:52)
UnityEngine.Rendering.HighDefinition.MigrationDescription`2<UnityEngine.Rendering.HighDefinition.HDRenderPipelineAsset/Version, UnityEngine.Rendering.HighDefinition.HDRenderPipelineAsset>:Migrate (UnityEngine.Rendering.HighDefinition.HDRenderPipelineAsset) (at Library/PackageCache/com.unity.render-pipelines.high-definition@10.5.0/Runtime/Core/Migration/MigrationDescription.cs:101)
UnityEngine.Rendering.HighDefinition.HDRenderPipelineAsset:OnEnable () (at Library/PackageCache/com.unity.render-pipelines.high-definition@10.5.0/Runtime/RenderPipeline/HDRenderPipelineAsset.Migration.cs:146)
UnityEngine.Rendering.GraphicsSettings:get_currentRenderPipeline ()
UnityEditor.Rendering.HighDefinition.HDBakedReflectionSystem:Initialize () (at Library/PackageCache/com.unity.render-pipelines.high-definition@10.5.0/Editor/Lighting/Reflection/HDBakedReflectionSystem.cs:42)

(Filename: Library/PackageCache/com.unity.render-pipelines.high-definition@10.5.0/Runtime/RenderPipeline/HDRenderPipelineAsset.Migration.cs Line: 126)

Mono: successfully reloaded assembly
- Completed reload, in  1.496 seconds
Platform modules already initialized, skipping
========================================================================
Worker process is ready to serve import requests
Launched and connected shader compiler UnityShaderCompiler.exe after 0.04 seconds
Refreshing native plugins compatible for Editor in 2.16 ms, found 15 plugins.
Preloading 0 native plugins for Editor in 0.00 ms.
Unloading 4545 Unused Serialized files (Serialized files now loaded: 0)
System memory in use before: 210.6 MB.
System memory in use after: 210.8 MB.

Unloading 32 unused Assets to reduce memory usage. Loaded Objects now: 4981.
Total: 15.122700 ms (FindLiveObjects: 1.402400 ms CreateObjectMapping: 1.390600 ms MarkObjects: 12.115400 ms  DeleteObjects: 0.209300 ms)

AssetImportParameters requested are different than current active one (requested -> active):
  custom:framework-win-MediaFoundation: 216162199b28c13a410421893ffa2e32 -> 
  custom:video-decoder-ogg-theora: a1e56fd34408186e4bbccfd4996cb3dc -> 
  custom:container-muxer-webm: aa71ff27fc2769a1b78a27578f13a17b -> 
  custom:container-demuxer-webm: 4f35f7cbe854078d1ac9338744f61a02 -> 
  custom:container-demuxer-ogg: 62fdf1f143b41e24485cea50d1cbac27 -> 
  custom:video-encoder-webm-vp8: eb34c28f22e8b96e1ab97ce403110664 -> 
  custom:video-decoder-webm-vp8: 9c59270c3fd7afecdb556c50c9e8de78 -> 
  custom:audio-decoder-ogg-vorbis: bf7c407c2cedff20999df2af8eb42d56 -> 
  custom:audio-encoder-webm-vorbis: bf7c407c2cedff20999df2af8eb42d56 -> 
========================================================================
Received Import Request.
  path: Assets/New Material.mat
  artifactKey: Guid(c19873eaf66f4d04187bf475904479c2) Importer(815301076,1909f56bfc062723c751e8b465ee728b)
Start importing Assets/New Material.mat using Guid(c19873eaf66f4d04187bf475904479c2) Importer(815301076,1909f56bfc062723c751e8b465ee728b) Launched and connected shader compiler UnityShaderCompiler.exe after 0.10 seconds
Launched and connected shader compiler UnityShaderCompiler.exe after 0.10 seconds
Launched and connected shader compiler UnityShaderCompiler.exe after 0.10 seconds
Launched and connected shader compiler UnityShaderCompiler.exe after 0.12 seconds
Launched and connected shader compiler UnityShaderCompiler.exe after 0.08 seconds
Launched and connected shader compiler UnityShaderCompiler.exe after 0.09 seconds
Launched and connected shader compiler UnityShaderCompiler.exe after 0.09 seconds
Launched and connected shader compiler UnityShaderCompiler.exe after 0.10 seconds
Launched and connected shader compiler UnityShaderCompiler.exe after 0.10 seconds
Launched and connected shader compiler UnityShaderCompiler.exe after 0.13 seconds
Launched and connected shader compiler UnityShaderCompiler.exe after 0.09 seconds
Launched and connected shader compiler UnityShaderCompiler.exe after 0.09 seconds
Launched and connected shader compiler UnityShaderCompiler.exe after 0.10 seconds
Launched and connected shader compiler UnityShaderCompiler.exe after 0.09 seconds
Launched and connected shader compiler UnityShaderCompiler.exe after 0.12 seconds
Launched and connected shader compiler UnityShaderCompiler.exe after 0.12 seconds
Launched and connected shader compiler UnityShaderCompiler.exe after 0.12 seconds
Launched and connected shader compiler UnityShaderCompiler.exe after 0.10 seconds
Launched and connected shader compiler UnityShaderCompiler.exe after 0.19 seconds
Launched and connected shader compiler UnityShaderCompiler.exe after 0.23 seconds
Launched and connected shader compiler UnityShaderCompiler.exe after 0.19 seconds
Launched and connected shader compiler UnityShaderCompiler.exe after 0.14 seconds
Launched and connected shader compiler UnityShaderCompiler.exe after 0.15 seconds
Launched and connected shader compiler UnityShaderCompiler.exe after 0.17 seconds
Launched and connected shader compiler UnityShaderCompiler.exe after 0.20 seconds
Launched and connected shader compiler UnityShaderCompiler.exe after 0.17 seconds
Launched and connected shader compiler UnityShaderCompiler.exe after 0.16 seconds
Launched and connected shader compiler UnityShaderCompiler.exe after 0.16 seconds
Launched and connected shader compiler UnityShaderCompiler.exe after 0.16 seconds
Launched and connected shader compiler UnityShaderCompiler.exe after 0.17 seconds
Launched and connected shader compiler UnityShaderCompiler.exe after 0.19 seconds
Launched and connected shader compiler UnityShaderCompiler.exe after 0.15 seconds
Launched and connected shader compiler UnityShaderCompiler.exe after 0.14 seconds
Launched and connected shader compiler UnityShaderCompiler.exe after 0.14 seconds
Launched and connected shader compiler UnityShaderCompiler.exe after 0.52 seconds
 -> (artifact id: '6a74923704b4bcf20c6a9508bee6b01d') in 11.629873 seconds 
  Import took 11.654021 seconds .

========================================================================
Received Import Request.
  Time since last request: 0.000578 seconds.
  path: Assets/ZEDMesh322_332PM.obj
  artifactKey: Guid(06541883ca478804aa37262c14ae7afa) Importer(815301076,1909f56bfc062723c751e8b465ee728b)
Start importing Assets/ZEDMesh322_332PM.obj using Guid(06541883ca478804aa37262c14ae7afa) Importer(815301076,1909f56bfc062723c751e8b465ee728b)  -> (artifact id: 'e84eaeeb96243b474f3ea7b62058e96a') in 1.999640 seconds 
  Import took 2.023699 seconds .

========================================================================
Received Import Request.
  Time since last request: 0.000328 seconds.
  path: Assets/ZEDMesh_material0000_map_Kd.png
  artifactKey: Guid(b09273d6c35793c48823ce25c41f9cf9) Importer(815301076,1909f56bfc062723c751e8b465ee728b)
Start importing Assets/ZEDMesh_material0000_map_Kd.png using Guid(b09273d6c35793c48823ce25c41f9cf9) Importer(815301076,1909f56bfc062723c751e8b465ee728b)  -> (artifact id: '0afa8ff269cd62f7c2d2a694e612941e') in 0.181111 seconds 
  Import took 0.223687 seconds .

========================================================================
Received Import Request.
  Time since last request: 0.215291 seconds.
  path: Assets/ZEDMesh.obj
  artifactKey: Guid(2b062ce57f524214ca03dcb9675033e9) Importer(815301076,1909f56bfc062723c751e8b465ee728b)
Start importing Assets/ZEDMesh.obj using Guid(2b062ce57f524214ca03dcb9675033e9) Importer(815301076,1909f56bfc062723c751e8b465ee728b)  -> (artifact id: 'd13b292b2ba57147298b84eca63b7528') in 0.232563 seconds 
  Import took 0.266622 seconds .

========================================================================
Received Import Request.
  Time since last request: 0.000654 seconds.
  path: Assets/prius3dmodel.dae
  artifactKey: Guid(991e951916e4bbf4bbe5d91ea884d1c1) Importer(815301076,1909f56bfc062723c751e8b465ee728b)
Start importing Assets/prius3dmodel.dae using Guid(991e951916e4bbf4bbe5d91ea884d1c1) Importer(815301076,1909f56bfc062723c751e8b465ee728b)  -> (artifact id: '326ab60b7c67c6c89996a90c196aca8a') in 7.886067 seconds 
  Import took 7.942280 seconds .

========================================================================
Received Import Request.
  Time since last request: 0.000501 seconds.
  path: Assets/Readme.asset
  artifactKey: Guid(83c2ed844a8c74b779a4c823d16594b1) Importer(815301076,1909f56bfc062723c751e8b465ee728b)
Start importing Assets/Readme.asset using Guid(83c2ed844a8c74b779a4c823d16594b1) Importer(815301076,1909f56bfc062723c751e8b465ee728b)  -> (artifact id: 'fec0a1a7a24d241b39a6b2cddbcbf939') in 0.038637 seconds 
  Import took 0.063463 seconds .

========================================================================
Received Import Request.
  Time since last request: 363.177878 seconds.
  path: Assets/Scenes
  artifactKey: Guid(c0259cdf438b6fc418fea9c67e9f08e3) Importer(815301076,1909f56bfc062723c751e8b465ee728b)
Start importing Assets/Scenes using Guid(c0259cdf438b6fc418fea9c67e9f08e3) Importer(815301076,1909f56bfc062723c751e8b465ee728b)  -> (artifact id: '83999860c344f63ce3ee428e72becd1a') in 0.008321 seconds 
  Import took 0.018436 seconds .

========================================================================
Received Import Request.
  Time since last request: 1.893775 seconds.
  path: Assets/Scenes/ZED2.unity
  artifactKey: Guid(829a34c4c16985246986b8ee28d1c98c) Importer(815301076,1909f56bfc062723c751e8b465ee728b)
Start importing Assets/Scenes/ZED2.unity using Guid(829a34c4c16985246986b8ee28d1c98c) Importer(815301076,1909f56bfc062723c751e8b465ee728b)  -> (artifact id: '5f6fd25c77231b16ea7b4709a7f2100d') in 0.008820 seconds 
  Import took 0.017382 seconds .

